%!Adobe-FontList 1.19
%Locale:0x409

%BeginFont
Handler:DirectoryHandler
FontType:TrueType
FontName:AmericanTypewriter
FamilyName:American Typewriter
StyleName:Regular
MenuName:American Typewriter
StyleBits:0
WeightClass:400
WidthClass:5
AngleClass:0
FullName:American Typewriter
WritingScript:Roman
OutlineFileName:\AmericanTypewriter.ttc
TTCOffset:52
DataFormat:sfntData
hasSVG:no
VariableFontType:NonVariableFont
FileLength:2410616
FileModTime:1490211073
NameArray:0,Mac,4,American Typewriter
%EndFont

%BeginFont
Handler:DirectoryHandler
FontType:TrueType
FontName:AmericanTypewriter-Light
FamilyName:American Typewriter
StyleName:Light
MenuName:American Typewriter
StyleBits:0
WeightClass:300
WidthClass:5
AngleClass:0
FullName:American Typewriter Light
WritingScript:Roman
OutlineFileName:\AmericanTypewriter.ttc
TTCOffset:400
DataFormat:sfntData
hasSVG:no
VariableFontType:NonVariableFont
FileLength:2410616
FileModTime:1490211073
NameArray:0,Mac,4,American Typewriter Light
%EndFont

%BeginFont
Handler:DirectoryHandler
FontType:TrueType
FontName:AmericanTypewriter-Bold
FamilyName:American Typewriter
StyleName:Bold
MenuName:American Typewriter
StyleBits:2
WeightClass:700
WidthClass:5
AngleClass:0
FullName:American Typewriter Bold
WritingScript:Roman
OutlineFileName:\AmericanTypewriter.ttc
TTCOffset:748
DataFormat:sfntData
hasSVG:no
VariableFontType:NonVariableFont
FileLength:2410616
FileModTime:1490211073
NameArray:0,Mac,4,American Typewriter Bold
%EndFont

%BeginFont
Handler:DirectoryHandler
FontType:TrueType
FontName:AmericanTypewriter-Semibold
FamilyName:American Typewriter
StyleName:Semibold
MenuName:American Typewriter
StyleBits:0
WeightClass:600
WidthClass:5
AngleClass:0
FullName:American Typewriter Semibold
WritingScript:Roman
OutlineFileName:\AmericanTypewriter.ttc
TTCOffset:1032
DataFormat:sfntData
hasSVG:no
VariableFontType:NonVariableFont
FileLength:2410616
FileModTime:1490211073
NameArray:0,Mac,4,American Typewriter Semibold
%EndFont

%BeginFont
Handler:DirectoryHandler
FontType:TrueType
FontName:AmericanTypewriter-Condensed
FamilyName:American Typewriter
StyleName:Condensed
MenuName:American Typewriter
StyleBits:0
WeightClass:400
WidthClass:3
AngleClass:0
FullName:American Typewriter Condensed
WritingScript:Roman
OutlineFileName:\AmericanTypewriter.ttc
TTCOffset:1316
DataFormat:sfntData
hasSVG:no
VariableFontType:NonVariableFont
FileLength:2410616
FileModTime:1490211073
NameArray:0,Mac,4,American Typewriter Condensed
%EndFont

%BeginFont
Handler:DirectoryHandler
FontType:TrueType
FontName:AmericanTypewriter-CondensedBold
FamilyName:American Typewriter
StyleName:Condensed Bold
MenuName:American Typewriter
StyleBits:2
WeightClass:700
WidthClass:3
AngleClass:0
FullName:American Typewriter Condensed Bold
WritingScript:Roman
OutlineFileName:\AmericanTypewriter.ttc
TTCOffset:1664
DataFormat:sfntData
hasSVG:no
VariableFontType:NonVariableFont
FileLength:2410616
FileModTime:1490211073
NameArray:0,Mac,4,American Typewriter Condensed Bold
%EndFont

%BeginFont
Handler:DirectoryHandler
FontType:TrueType
FontName:AmericanTypewriter-CondensedLight
FamilyName:American Typewriter
StyleName:Condensed Light
MenuName:American Typewriter
StyleBits:0
WeightClass:300
WidthClass:3
AngleClass:0
FullName:American Typewriter Condensed Light
WritingScript:Roman
OutlineFileName:\AmericanTypewriter.ttc
TTCOffset:2012
DataFormat:sfntData
hasSVG:no
VariableFontType:NonVariableFont
FileLength:2410616
FileModTime:1490211073
NameArray:0,Mac,4,American Typewriter Condensed Light
%EndFont

%BeginFont
Handler:DirectoryHandler
FontType:TrueType
FontName:HelveticaNeue-Bold
FamilyName:Helvetica Neue
StyleName:Bold
MenuName:Helvetica Neue
StyleBits:2
WeightClass:700
WidthClass:5
AngleClass:0
FullName:Helvetica Neue Bold
WritingScript:Roman
OutlineFileName:\HelveticaNeue.dfont
DataFormat:sfntResource
ResourceID:14151
hasSVG:no
VariableFontType:NonVariableFont
FileLength:6739979
FileModTime:1490211072
NameArray:0,Mac,4,Helvetica Neue Bold
%EndFont

%BeginFont
Handler:DirectoryHandler
FontType:TrueType
FontName:HelveticaNeue
FamilyName:Helvetica Neue
StyleName:Regular
MenuName:Helvetica Neue
StyleBits:0
WeightClass:400
WidthClass:5
AngleClass:0
FullName:Helvetica Neue
WritingScript:Roman
OutlineFileName:\HelveticaNeue.dfont
DataFormat:sfntResource
ResourceID:15445
hasSVG:no
VariableFontType:NonVariableFont
FileLength:6739979
FileModTime:1490211072
NameArray:0,Mac,4,Helvetica Neue
%EndFont

%BeginFont
Handler:DirectoryHandler
FontType:TrueType
FontName:HelveticaNeue-UltraLight
FamilyName:Helvetica Neue
StyleName:UltraLight
MenuName:Helvetica Neue
StyleBits:0
WeightClass:100
WidthClass:5
AngleClass:0
FullName:Helvetica Neue UltraLight
WritingScript:Roman
OutlineFileName:\HelveticaNeue.dfont
DataFormat:sfntResource
ResourceID:8110
hasSVG:no
VariableFontType:NonVariableFont
FileLength:6739979
FileModTime:1490211072
NameArray:0,Mac,4,Helvetica Neue UltraLight
%EndFont

%BeginFont
Handler:DirectoryHandler
FontType:TrueType
FontName:HelveticaNeue-Italic
FamilyName:Helvetica Neue
StyleName:Italic
MenuName:Helvetica Neue
StyleBits:1
WeightClass:400
WidthClass:5
AngleClass:1
FullName:Helvetica Neue Italic
WritingScript:Roman
OutlineFileName:\HelveticaNeue.dfont
DataFormat:sfntResource
ResourceID:18772
hasSVG:no
VariableFontType:NonVariableFont
FileLength:6739979
FileModTime:1490211072
NameArray:0,Mac,4,Helvetica Neue Italic
%EndFont

%BeginFont
Handler:DirectoryHandler
FontType:TrueType
FontName:HelveticaNeue-Light
FamilyName:Helvetica Neue
StyleName:Light
MenuName:Helvetica Neue
StyleBits:0
WeightClass:300
WidthClass:5
AngleClass:0
FullName:Helvetica Neue Light
WritingScript:Roman
OutlineFileName:\HelveticaNeue.dfont
DataFormat:sfntResource
ResourceID:20609
hasSVG:no
VariableFontType:NonVariableFont
FileLength:6739979
FileModTime:1490211072
NameArray:0,Mac,4,Helvetica Neue Light
%EndFont

%BeginFont
Handler:DirectoryHandler
FontType:TrueType
FontName:HelveticaNeue-UltraLightItalic
FamilyName:Helvetica Neue
StyleName:UltraLight Italic
MenuName:Helvetica Neue
StyleBits:1
WeightClass:100
WidthClass:5
AngleClass:1
FullName:Helvetica Neue UltraLight Italic
WritingScript:Roman
OutlineFileName:\HelveticaNeue.dfont
DataFormat:sfntResource
ResourceID:24685
hasSVG:no
VariableFontType:NonVariableFont
FileLength:6739979
FileModTime:1490211072
NameArray:0,Mac,4,Helvetica Neue UltraLight Italic
%EndFont

%BeginFont
Handler:DirectoryHandler
FontType:TrueType
FontName:HelveticaNeue-CondensedBlack
FamilyName:Helvetica Neue
StyleName:Condensed Black
MenuName:Helvetica Neue
StyleBits:2
WeightClass:900
WidthClass:3
AngleClass:0
FullName:Helvetica Neue Condensed Black
WritingScript:Roman
OutlineFileName:\HelveticaNeue.dfont
DataFormat:sfntResource
ResourceID:28134
hasSVG:no
VariableFontType:NonVariableFont
FileLength:6739979
FileModTime:1490211072
NameArray:0,Mac,4,Helvetica Neue Condensed Black
%EndFont

%BeginFont
Handler:DirectoryHandler
FontType:TrueType
FontName:HelveticaNeue-CondensedBold
FamilyName:Helvetica Neue
StyleName:Condensed Bold
MenuName:Helvetica Neue
StyleBits:2
WeightClass:700
WidthClass:3
AngleClass:0
FullName:Helvetica Neue Condensed Bold
WritingScript:Roman
OutlineFileName:\HelveticaNeue.dfont
DataFormat:sfntResource
ResourceID:30606
hasSVG:no
VariableFontType:NonVariableFont
FileLength:6739979
FileModTime:1490211072
NameArray:0,Mac,4,Helvetica Neue Condensed Bold
%EndFont

%BeginFont
Handler:DirectoryHandler
FontType:TrueType
FontName:HelveticaNeue-BoldItalic
FamilyName:Helvetica Neue
StyleName:Bold Italic
MenuName:Helvetica Neue
StyleBits:3
WeightClass:700
WidthClass:5
AngleClass:1
FullName:Helvetica Neue Bold Italic
WritingScript:Roman
OutlineFileName:\HelveticaNeue.dfont
DataFormat:sfntResource
ResourceID:12888
hasSVG:no
VariableFontType:NonVariableFont
FileLength:6739979
FileModTime:1490211072
NameArray:0,Mac,4,Helvetica Neue Bold Italic
%EndFont

%BeginFont
Handler:DirectoryHandler
FontType:TrueType
FontName:HelveticaNeue-LightItalic
FamilyName:Helvetica Neue
StyleName:Light Italic
MenuName:Helvetica Neue
StyleBits:1
WeightClass:300
WidthClass:5
AngleClass:1
FullName:Helvetica Neue Light Italic
WritingScript:Roman
OutlineFileName:\HelveticaNeue.dfont
DataFormat:sfntResource
ResourceID:13514
hasSVG:no
VariableFontType:NonVariableFont
FileLength:6739979
FileModTime:1490211072
NameArray:0,Mac,4,Helvetica Neue Light Italic
%EndFont

%BeginFont
Handler:DirectoryHandler
FontType:TrueType
FontName:HelveticaNeue-Medium
FamilyName:Helvetica Neue
StyleName:Medium
MenuName:Helvetica Neue
StyleBits:0
WeightClass:500
WidthClass:5
AngleClass:0
FullName:Helvetica Neue Medium
WritingScript:Roman
OutlineFileName:\HelveticaNeue.dfont
DataFormat:sfntResource
ResourceID:14242
hasSVG:no
VariableFontType:NonVariableFont
FileLength:6739979
FileModTime:1490211072
NameArray:0,Mac,4,Helvetica Neue Medium
%EndFont

%BeginFont
Handler:DirectoryHandler
FontType:TrueType
FontName:HelveticaNeue-Thin
FamilyName:Helvetica Neue
StyleName:Thin
MenuName:Helvetica Neue
StyleBits:0
WeightClass:200
WidthClass:5
AngleClass:0
FullName:Helvetica Neue Thin
WritingScript:Roman
OutlineFileName:\HelveticaNeue.dfont
DataFormat:sfntResource
ResourceID:14243
hasSVG:no
VariableFontType:NonVariableFont
FileLength:6739979
FileModTime:1490211072
NameArray:0,Mac,4,Helvetica Neue Thin
NameArray:0,Win,1,Helvetica Neue
%EndFont

%BeginFont
Handler:DirectoryHandler
FontType:TrueType
FontName:HelveticaNeue-ThinItalic
FamilyName:Helvetica Neue
StyleName:Thin Italic
MenuName:Helvetica Neue
StyleBits:0
WeightClass:200
WidthClass:5
AngleClass:0
FullName:Helvetica Neue Thin Italic
WritingScript:Roman
OutlineFileName:\HelveticaNeue.dfont
DataFormat:sfntResource
ResourceID:14244
hasSVG:no
VariableFontType:NonVariableFont
FileLength:6739979
FileModTime:1490211072
NameArray:0,Mac,4,Helvetica Neue Thin Italic
NameArray:0,Win,1,Helvetica Neue
%EndFont

%BeginFont
Handler:DirectoryHandler
FontType:TrueType
FontName:HelveticaNeue-MediumItalic
FamilyName:Helvetica Neue
StyleName:Medium Italic
MenuName:Helvetica Neue
StyleBits:0
WeightClass:500
WidthClass:5
AngleClass:0
FullName:Helvetica Neue Medium Italic
WritingScript:Roman
OutlineFileName:\HelveticaNeue.dfont
DataFormat:sfntResource
ResourceID:14245
hasSVG:no
VariableFontType:NonVariableFont
FileLength:6739979
FileModTime:1490211072
NameArray:0,Mac,4,Helvetica Neue Medium Italic
%EndFont

%BeginFont
Handler:DirectoryHandler
FontType:Suitcase
FontName:HelveticaNeue
OutlineFileName:\HelveticaNeue.dfont
ResourceID:4684
MacStyle:0
FileLength:6739979
FileModTime:1490211072
%EndFont

%BeginFont
Handler:DirectoryHandler
FontType:Suitcase
FontName:HelveticaNeue-Bold
OutlineFileName:\HelveticaNeue.dfont
ResourceID:4684
MacStyle:1
FileLength:6739979
FileModTime:1490211072
%EndFont

%BeginFont
Handler:DirectoryHandler
FontType:Suitcase
FontName:HelveticaNeue-Italic
OutlineFileName:\HelveticaNeue.dfont
ResourceID:4684
MacStyle:2
FileLength:6739979
FileModTime:1490211072
%EndFont

%BeginFont
Handler:DirectoryHandler
FontType:Suitcase
FontName:HelveticaNeue-BoldItalic
OutlineFileName:\HelveticaNeue.dfont
ResourceID:4684
MacStyle:3
FileLength:6739979
FileModTime:1490211072
%EndFont

%BeginFont
Handler:DirectoryHandler
FontType:Suitcase
FontName:HelveticaNeue-CondensedBold
OutlineFileName:\HelveticaNeue.dfont
ResourceID:4685
MacStyle:0
FileLength:6739979
FileModTime:1490211072
%EndFont

%BeginFont
Handler:DirectoryHandler
FontType:Suitcase
FontName:HelveticaNeue-UltraLight
OutlineFileName:\HelveticaNeue.dfont
ResourceID:4688
MacStyle:0
FileLength:6739979
FileModTime:1490211072
%EndFont

%BeginFont
Handler:DirectoryHandler
FontType:Suitcase
FontName:HelveticaNeue-UltraLightItalic
OutlineFileName:\HelveticaNeue.dfont
ResourceID:4688
MacStyle:2
FileLength:6739979
FileModTime:1490211072
%EndFont

%BeginFont
Handler:DirectoryHandler
FontType:Suitcase
FontName:HelveticaNeue-Light
OutlineFileName:\HelveticaNeue.dfont
ResourceID:4846
MacStyle:0
FileLength:6739979
FileModTime:1490211072
%EndFont

%BeginFont
Handler:DirectoryHandler
FontType:Suitcase
FontName:HelveticaNeue-LightItalic
OutlineFileName:\HelveticaNeue.dfont
ResourceID:4846
MacStyle:2
FileLength:6739979
FileModTime:1490211072
%EndFont

%BeginFont
Handler:DirectoryHandler
FontType:Suitcase
FontName:HelveticaNeue-CondensedBlack
OutlineFileName:\HelveticaNeue.dfont
ResourceID:4889
MacStyle:0
FileLength:6739979
FileModTime:1490211072
%EndFont

%BeginFont
Handler:DirectoryHandler
FontType:Suitcase
FontName:HelveticaNeue-Medium
OutlineFileName:\HelveticaNeue.dfont
ResourceID:128
MacStyle:0
FileLength:6739979
FileModTime:1490211072
%EndFont

%BeginFont
Handler:DirectoryHandler
FontType:Suitcase
FontName:HelveticaNeue-MediumItalic
OutlineFileName:\HelveticaNeue.dfont
ResourceID:128
MacStyle:2
FileLength:6739979
FileModTime:1490211072
%EndFont

%BeginFont
Handler:DirectoryHandler
FontType:Suitcase
FontName:HelveticaNeue-Thin
OutlineFileName:\HelveticaNeue.dfont
ResourceID:4848
MacStyle:0
FileLength:6739979
FileModTime:1490211072
%EndFont

%BeginFont
Handler:DirectoryHandler
FontType:Suitcase
FontName:HelveticaNeue-ThinItalic
OutlineFileName:\HelveticaNeue.dfont
ResourceID:4848
MacStyle:2
FileLength:6739979
FileModTime:1490211072
%EndFont

%BeginFont
Handler:DirectoryHandler
FontType:Type1
FontName:MinionPro-Regular
FamilyName:Minion Pro
StyleName:Regular
MenuName:Minion Pro
StyleBits:0
WeightClass:400
WidthClass:5
AngleClass:0
FullName:Minion Pro
WritingScript:Roman
OutlineFileName:\MinionPro-Regular.otf
DataFormat:sfntData
UsesStandardEncoding:yes
isCFF:yes
hasSVG:no
VariableFontType:NonVariableFont
FileLength:218640
FileModTime:1536158808
DesignSize:110
NameArray:0,Mac,4,Minion Pro
NameArray:0,Win,1,Minion Pro
%EndFont

%BeginFont
Handler:DirectoryHandler
FontType:TrueType
FontName:Seravek
FamilyName:Seravek
StyleName:Regular
MenuName:Seravek
StyleBits:0
WeightClass:400
WidthClass:5
AngleClass:0
FullName:Seravek
WritingScript:Roman
OutlineFileName:\Seravek.ttc
TTCOffset:64
DataFormat:sfntData
hasSVG:no
VariableFontType:NonVariableFont
FileLength:4983524
FileModTime:1490211073
NameArray:0,Mac,4,Seravek
NameArray:0,Win,1,Seravek
NameArray:0,Win,16,Seravek
%EndFont

%BeginFont
Handler:DirectoryHandler
FontType:TrueType
FontName:Seravek-Italic
FamilyName:Seravek
StyleName:Italic
MenuName:Seravek
StyleBits:1
WeightClass:400
WidthClass:5
AngleClass:1
FullName:Seravek Italic
WritingScript:Roman
OutlineFileName:\Seravek.ttc
TTCOffset:364
DataFormat:sfntData
hasSVG:no
VariableFontType:NonVariableFont
FileLength:4983524
FileModTime:1490211073
NameArray:0,Mac,4,Seravek Italic
NameArray:0,Win,1,Seravek
NameArray:0,Win,16,Seravek
%EndFont

%BeginFont
Handler:DirectoryHandler
FontType:TrueType
FontName:Seravek-MediumItalic
FamilyName:Seravek
StyleName:Medium Italic
MenuName:Seravek Medium
StyleBits:3
WeightClass:500
WidthClass:5
AngleClass:1
FullName:Seravek Medium Italic
WritingScript:Roman
OutlineFileName:\Seravek.ttc
TTCOffset:664
DataFormat:sfntData
hasSVG:no
VariableFontType:NonVariableFont
FileLength:4983524
FileModTime:1490211073
NameArray:0,Mac,4,Seravek Medium Italic
NameArray:0,Win,1,Seravek Medium
NameArray:0,Win,16,Seravek
%EndFont

%BeginFont
Handler:DirectoryHandler
FontType:TrueType
FontName:Seravek-Medium
FamilyName:Seravek
StyleName:Medium
MenuName:Seravek Medium
StyleBits:2
WeightClass:500
WidthClass:5
AngleClass:0
FullName:Seravek Medium
WritingScript:Roman
OutlineFileName:\Seravek.ttc
TTCOffset:964
DataFormat:sfntData
hasSVG:no
VariableFontType:NonVariableFont
FileLength:4983524
FileModTime:1490211073
NameArray:0,Mac,4,Seravek Medium
NameArray:0,Win,1,Seravek Medium
NameArray:0,Win,16,Seravek
%EndFont

%BeginFont
Handler:DirectoryHandler
FontType:TrueType
FontName:Seravek-LightItalic
FamilyName:Seravek
StyleName:Light Italic
MenuName:Seravek Light
StyleBits:1
WeightClass:300
WidthClass:5
AngleClass:1
FullName:Seravek Light Italic
WritingScript:Roman
OutlineFileName:\Seravek.ttc
TTCOffset:1264
DataFormat:sfntData
hasSVG:no
VariableFontType:NonVariableFont
FileLength:4983524
FileModTime:1490211073
NameArray:0,Mac,4,Seravek Light Italic
NameArray:0,Win,1,Seravek Light
NameArray:0,Win,16,Seravek
%EndFont

%BeginFont
Handler:DirectoryHandler
FontType:TrueType
FontName:Seravek-Light
FamilyName:Seravek
StyleName:Light
MenuName:Seravek Light
StyleBits:0
WeightClass:300
WidthClass:5
AngleClass:0
FullName:Seravek Light
WritingScript:Roman
OutlineFileName:\Seravek.ttc
TTCOffset:1564
DataFormat:sfntData
hasSVG:no
VariableFontType:NonVariableFont
FileLength:4983524
FileModTime:1490211073
NameArray:0,Mac,4,Seravek Light
NameArray:0,Win,1,Seravek Light
NameArray:0,Win,16,Seravek
%EndFont

%BeginFont
Handler:DirectoryHandler
FontType:TrueType
FontName:Seravek-ExtraLightItalic
FamilyName:Seravek
StyleName:ExtraLight Italic
MenuName:Seravek ExtraLight
StyleBits:1
WeightClass:250
WidthClass:5
AngleClass:1
FullName:Seravek ExtraLight Italic
WritingScript:Roman
OutlineFileName:\Seravek.ttc
TTCOffset:1864
DataFormat:sfntData
hasSVG:no
VariableFontType:NonVariableFont
FileLength:4983524
FileModTime:1490211073
NameArray:0,Mac,4,Seravek ExtraLight Italic
NameArray:0,Win,1,Seravek ExtraLight
NameArray:0,Win,16,Seravek
%EndFont

%BeginFont
Handler:DirectoryHandler
FontType:TrueType
FontName:Seravek-ExtraLight
FamilyName:Seravek
StyleName:ExtraLight
MenuName:Seravek ExtraLight
StyleBits:0
WeightClass:250
WidthClass:5
AngleClass:0
FullName:Seravek ExtraLight
WritingScript:Roman
OutlineFileName:\Seravek.ttc
TTCOffset:2164
DataFormat:sfntData
hasSVG:no
VariableFontType:NonVariableFont
FileLength:4983524
FileModTime:1490211073
NameArray:0,Mac,4,Seravek ExtraLight
NameArray:0,Win,1,Seravek ExtraLight
NameArray:0,Win,16,Seravek
%EndFont

%BeginFont
Handler:DirectoryHandler
FontType:TrueType
FontName:Seravek-BoldItalic
FamilyName:Seravek
StyleName:Bold Italic
MenuName:Seravek
StyleBits:3
WeightClass:700
WidthClass:5
AngleClass:1
FullName:Seravek Bold Italic
WritingScript:Roman
OutlineFileName:\Seravek.ttc
TTCOffset:2464
DataFormat:sfntData
hasSVG:no
VariableFontType:NonVariableFont
FileLength:4983524
FileModTime:1490211073
NameArray:0,Mac,4,Seravek Bold Italic
NameArray:0,Win,1,Seravek
NameArray:0,Win,16,Seravek
%EndFont

%BeginFont
Handler:DirectoryHandler
FontType:TrueType
FontName:Seravek-Bold
FamilyName:Seravek
StyleName:Bold
MenuName:Seravek
StyleBits:2
WeightClass:700
WidthClass:5
AngleClass:0
FullName:Seravek Bold
WritingScript:Roman
OutlineFileName:\Seravek.ttc
TTCOffset:2764
DataFormat:sfntData
hasSVG:no
VariableFontType:NonVariableFont
FileLength:4983524
FileModTime:1490211073
NameArray:0,Mac,4,Seravek Bold
NameArray:0,Win,1,Seravek
NameArray:0,Win,16,Seravek
%EndFont

